Determining if the pthread_create exist failed with the following output:
Change Dir: /home/joe/catkin_ws/src/minesweeper/minesweeper_control/build/catkin_tools_prebuild/CMakeFiles/CMakeTmp

Run Build Command:"/usr/bin/make" "cmTC_e172c/fast"
/usr/bin/make -f CMakeFiles/cmTC_e172c.dir/build.make CMakeFiles/cmTC_e172c.dir/build
make[1]: Entering directory '/home/joe/catkin_ws/src/minesweeper/minesweeper_control/build/catkin_tools_prebuild/CMakeFiles/CMakeTmp'
Building C object CMakeFiles/cmTC_e172c.dir/CheckSymbolExists.c.o
/usr/bin/cc     -o CMakeFiles/cmTC_e172c.dir/CheckSymbolExists.c.o   -c /home/joe/catkin_ws/src/minesweeper/minesweeper_control/build/catkin_tools_prebuild/CMakeFiles/CMakeTmp/CheckSymbolExists.c
Linking C executable cmTC_e172c
/usr/bin/cmake -E cmake_link_script CMakeFiles/cmTC_e172c.dir/link.txt --verbose=1
/usr/bin/cc       CMakeFiles/cmTC_e172c.dir/CheckSymbolExists.c.o  -o cmTC_e172c -rdynamic 
CMakeFiles/cmTC_e172c.dir/CheckSymbolExists.c.o: In function `main':
CheckSymbolExists.c:(.text+0x16): undefined reference to `pthread_create'
collect2: error: ld returned 1 exit status
CMakeFiles/cmTC_e172c.dir/build.make:97: recipe for target 'cmTC_e172c' failed
make[1]: *** [cmTC_e172c] Error 1
make[1]: Leaving directory '/home/joe/catkin_ws/src/minesweeper/minesweeper_control/build/catkin_tools_prebuild/CMakeFiles/CMakeTmp'
Makefile:126: recipe for target 'cmTC_e172c/fast' failed
make: *** [cmTC_e172c/fast] Error 2

File /home/joe/catkin_ws/src/minesweeper/minesweeper_control/build/catkin_tools_prebuild/CMakeFiles/CMakeTmp/CheckSymbolExists.c:
/* */
#include <pthread.h>

int main(int argc, char** argv)
{
  (void)argv;
#ifndef pthread_create
  return ((int*)(&pthread_create))[argc];
#else
  (void)argc;
  return 0;
#endif
}

Determining if the function pthread_create exists in the pthreads failed with the following output:
Change Dir: /home/joe/catkin_ws/src/minesweeper/minesweeper_control/build/catkin_tools_prebuild/CMakeFiles/CMakeTmp

Run Build Command:"/usr/bin/make" "cmTC_bdcdd/fast"
/usr/bin/make -f CMakeFiles/cmTC_bdcdd.dir/build.make CMakeFiles/cmTC_bdcdd.dir/build
make[1]: Entering directory '/home/joe/catkin_ws/src/minesweeper/minesweeper_control/build/catkin_tools_prebuild/CMakeFiles/CMakeTmp'
Building C object CMakeFiles/cmTC_bdcdd.dir/CheckFunctionExists.c.o
/usr/bin/cc    -DCHECK_FUNCTION_EXISTS=pthread_create   -o CMakeFiles/cmTC_bdcdd.dir/CheckFunctionExists.c.o   -c /usr/share/cmake-3.5/Modules/CheckFunctionExists.c
Linking C executable cmTC_bdcdd
/usr/bin/cmake -E cmake_link_script CMakeFiles/cmTC_bdcdd.dir/link.txt --verbose=1
/usr/bin/cc   -DCHECK_FUNCTION_EXISTS=pthread_create    CMakeFiles/cmTC_bdcdd.dir/CheckFunctionExists.c.o  -o cmTC_bdcdd -rdynamic -lpthreads 
/usr/bin/ld: cannot find -lpthreads
collect2: error: ld returned 1 exit status
CMakeFiles/cmTC_bdcdd.dir/build.make:97: recipe for target 'cmTC_bdcdd' failed
make[1]: *** [cmTC_bdcdd] Error 1
make[1]: Leaving directory '/home/joe/catkin_ws/src/minesweeper/minesweeper_control/build/catkin_tools_prebuild/CMakeFiles/CMakeTmp'
Makefile:126: recipe for target 'cmTC_bdcdd/fast' failed
make: *** [cmTC_bdcdd/fast] Error 2


