Determining if the pthread_create exist failed with the following output:
Change Dir: /home/joe/catkin_ws/src/minesweeper/minesweeper_base/cmake-build-debug/CMakeFiles/CMakeTmp

Run Build Command(s):/usr/bin/make cmTC_7a988/fast 
/usr/bin/make -f CMakeFiles/cmTC_7a988.dir/build.make CMakeFiles/cmTC_7a988.dir/build
make[1]: Entering directory '/home/joe/catkin_ws/src/minesweeper/minesweeper_base/cmake-build-debug/CMakeFiles/CMakeTmp'
Building C object CMakeFiles/cmTC_7a988.dir/CheckSymbolExists.c.o
/usr/bin/cc    -o CMakeFiles/cmTC_7a988.dir/CheckSymbolExists.c.o   -c /home/joe/catkin_ws/src/minesweeper/minesweeper_base/cmake-build-debug/CMakeFiles/CMakeTmp/CheckSymbolExists.c
Linking C executable cmTC_7a988
/home/joe/Desktop/clion-2019.1.2/bin/cmake/linux/bin/cmake -E cmake_link_script CMakeFiles/cmTC_7a988.dir/link.txt --verbose=1
/usr/bin/cc      -rdynamic CMakeFiles/cmTC_7a988.dir/CheckSymbolExists.c.o  -o cmTC_7a988 
CMakeFiles/cmTC_7a988.dir/CheckSymbolExists.c.o: In function `main':
CheckSymbolExists.c:(.text+0x16): undefined reference to `pthread_create'
collect2: error: ld returned 1 exit status
CMakeFiles/cmTC_7a988.dir/build.make:86: recipe for target 'cmTC_7a988' failed
make[1]: *** [cmTC_7a988] Error 1
make[1]: Leaving directory '/home/joe/catkin_ws/src/minesweeper/minesweeper_base/cmake-build-debug/CMakeFiles/CMakeTmp'
Makefile:121: recipe for target 'cmTC_7a988/fast' failed
make: *** [cmTC_7a988/fast] Error 2

File /home/joe/catkin_ws/src/minesweeper/minesweeper_base/cmake-build-debug/CMakeFiles/CMakeTmp/CheckSymbolExists.c:
/* */
#include <pthread.h>

int main(int argc, char** argv)
{
  (void)argv;
#ifndef pthread_create
  return ((int*)(&pthread_create))[argc];
#else
  (void)argc;
  return 0;
#endif
}

Determining if the function pthread_create exists in the pthreads failed with the following output:
Change Dir: /home/joe/catkin_ws/src/minesweeper/minesweeper_base/cmake-build-debug/CMakeFiles/CMakeTmp

Run Build Command(s):/usr/bin/make cmTC_11513/fast 
/usr/bin/make -f CMakeFiles/cmTC_11513.dir/build.make CMakeFiles/cmTC_11513.dir/build
make[1]: Entering directory '/home/joe/catkin_ws/src/minesweeper/minesweeper_base/cmake-build-debug/CMakeFiles/CMakeTmp'
Building C object CMakeFiles/cmTC_11513.dir/CheckFunctionExists.c.o
/usr/bin/cc   -DCHECK_FUNCTION_EXISTS=pthread_create   -o CMakeFiles/cmTC_11513.dir/CheckFunctionExists.c.o   -c /home/joe/Desktop/clion-2019.1.2/bin/cmake/linux/share/cmake-3.14/Modules/CheckFunctionExists.c
Linking C executable cmTC_11513
/home/joe/Desktop/clion-2019.1.2/bin/cmake/linux/bin/cmake -E cmake_link_script CMakeFiles/cmTC_11513.dir/link.txt --verbose=1
/usr/bin/cc  -DCHECK_FUNCTION_EXISTS=pthread_create    -rdynamic CMakeFiles/cmTC_11513.dir/CheckFunctionExists.c.o  -o cmTC_11513 -lpthreads 
/usr/bin/ld: cannot find -lpthreads
collect2: error: ld returned 1 exit status
CMakeFiles/cmTC_11513.dir/build.make:86: recipe for target 'cmTC_11513' failed
make[1]: *** [cmTC_11513] Error 1
make[1]: Leaving directory '/home/joe/catkin_ws/src/minesweeper/minesweeper_base/cmake-build-debug/CMakeFiles/CMakeTmp'
Makefile:121: recipe for target 'cmTC_11513/fast' failed
make: *** [cmTC_11513/fast] Error 2


